<?xml version="1.0" encoding="UTF-8"?>
<!-- Generated by org.testng.reporters.JUnitReportReporter -->
<testsuite hostname="LAPTOP-PH041OHK" failures="0" tests="1" name="mainprojecttesting.Searchadminusersinformationstesting" time="10.183" errors="0" timestamp="2025-06-18T12:43:52 IST" skipped="0">
  <testcase classname="mainprojecttesting.Searchadminusersinformationstesting" name="verifyUserCanSearchTheInformationsDataFromSearchPage" time="10.183"/>
</testsuite> <!-- mainprojecttesting.Searchadminusersinformationstesting -->
