<?xml version="1.0" encoding="UTF-8"?>
<!-- Generated by org.testng.reporters.JUnitReportReporter -->
<testsuite hostname="LAPTOP-PH041OHK" failures="0" tests="4" name="mainprojecttesting.Logintest" time="15.295" errors="0" timestamp="2025-06-24T12:13:55 IST" skipped="0">
  <testcase classname="mainprojecttesting.Logintest" name="validateWhetherUserCanAbleToLoginWithValidCredentials" time="6.024"/>
  <testcase classname="mainprojecttesting.Logintest" name="dataprovider" time="3.148"/>
  <testcase classname="mainprojecttesting.Logintest" name="ValidateWhetherUserCantAbleToLoginWithInvalidCredentials" time="2.874"/>
  <testcase classname="mainprojecttesting.Logintest" name="dataprovider" time="3.249"/>
</testsuite> <!-- mainprojecttesting.Logintest -->
