<?xml version="1.0" encoding="UTF-8"?>
<!-- Generated by org.testng.reporters.JUnitReportReporter -->
<testsuite hostname="LAPTOP-PH041OHK" failures="0" tests="1" name="mainprojecttesting.Managecategorysearchtesting" time="9.248" errors="0" timestamp="2025-06-18T12:39:45 IST" skipped="0">
  <testcase classname="mainprojecttesting.Managecategorysearchtesting" name="verifyUserCanClickSearchButton" time="9.248"/>
</testsuite> <!-- mainprojecttesting.Managecategorysearchtesting -->
