<?xml version="1.0" encoding="UTF-8"?>
<!-- Generated by org.testng.reporters.JUnitReportReporter -->
<testsuite hostname="LAPTOP-PH041OHK" failures="0" tests="2" name="mainprojecttesting.Managenewstesting" time="17.257" errors="0" timestamp="2025-06-20T11:42:43 IST" skipped="1">
  <testcase classname="mainprojecttesting.Managenewstesting" name="verifyUserCanAbleToClickManageNewsButton" time="10.433"/>
  <testcase classname="mainprojecttesting.Managenewstesting" name="verifyUserCanAbleToClickManageNewsButton" time="6.824">
    <skipped/>
  </testcase> <!-- verifyUserCanAbleToClickManageNewsButton -->
</testsuite> <!-- mainprojecttesting.Managenewstesting -->
