<?xml version="1.0" encoding="UTF-8"?>
<!-- Generated by org.testng.reporters.JUnitReportReporter -->
<testsuite hostname="LAPTOP-PH041OHK" failures="0" tests="1" name="mainprojecttesting.Base" time="4.005" errors="0" timestamp="2025-06-03T17:49:33 IST" skipped="0">
  <testcase classname="mainprojecttesting.Base" name="beforeMethod" time="4.005"/>
</testsuite> <!-- mainprojecttesting.Base -->
